<?xml version="1.0" encoding="UTF-8"?>
<testsuites name="jest tests" tests="2" failures="0" errors="0" time="1.653">
  <testsuite name="undefined" errors="0" failures="0" skipped="0" timestamp="2022-07-01T12:11:05" time="0.745" tests="1">
    <testcase classname=" renders homepage unchanged" name=" renders homepage unchanged" time="0.038">
    </testcase>
  </testsuite>
  <testsuite name="Home" errors="0" failures="0" skipped="0" timestamp="2022-07-01T12:11:05" time="0.853" tests="1">
    <testcase classname="Home renders a heading" name="Home renders a heading" time="0.146">
    </testcase>
  </testsuite>
</testsuites>