<?xml version="1.0" encoding="UTF-8"?>
<testsuites name="jest tests" tests="3" failures="0" errors="0" time="1.574">
  <testsuite name="Home" errors="0" failures="0" skipped="0" timestamp="2022-07-01T12:40:38" time="0.803" tests="1">
    <testcase classname="Home renders a heading" name="Home renders a heading" time="0.134">
    </testcase>
  </testsuite>
  <testsuite name="undefined" errors="0" failures="0" skipped="0" timestamp="2022-07-01T12:40:38" time="0.128" tests="1">
    <testcase classname=" renders homepage unchanged" name=" renders homepage unchanged" time="0.016">
    </testcase>
  </testsuite>
  <testsuite name="/api/animal/[animal]" errors="0" failures="0" skipped="0" timestamp="2022-07-01T12:40:39" time="0.188" tests="1">
    <testcase classname="/api/animal/[animal] returns a message with the specified animal" name="/api/animal/[animal] returns a message with the specified animal" time="0.002">
    </testcase>
  </testsuite>
</testsuites>